{"/home/fauzi/Documents/codes/campus/BreadGo/app/services/src/config/index.ts": {"path":"/home/fauzi/Documents/codes/campus/BreadGo/app/services/src/config/index.ts","statementMap":{"0":{"start":{"line":4,"column":0},"end":{"line":4,"column":null}},"1":{"start":{"line":6,"column":22},"end":{"line":18,"column":null}}},"fnMap":{},"branchMap":{"0":{"loc":{"start":{"line":7,"column":17},"end":{"line":7,"column":45}},"type":"binary-expr","locations":[{"start":{"line":7,"column":17},"end":{"line":7,"column":37}},{"start":{"line":7,"column":37},"end":{"line":7,"column":45}}],"line":7},"1":{"loc":{"start":{"line":8,"column":2},"end":{"line":8,"column":null}},"type":"binary-expr","locations":[{"start":{"line":8,"column":2},"end":{"line":8,"column":35}},{"start":{"line":8,"column":35},"end":{"line":8,"column":null}}],"line":8},"2":{"loc":{"start":{"line":9,"column":13},"end":{"line":9,"column":null}},"type":"binary-expr","locations":[{"start":{"line":9,"column":13},"end":{"line":9,"column":39}},{"start":{"line":9,"column":39},"end":{"line":9,"column":null}}],"line":9},"3":{"loc":{"start":{"line":11,"column":9},"end":{"line":11,"column":null}},"type":"binary-expr","locations":[{"start":{"line":11,"column":9},"end":{"line":11,"column":37}},{"start":{"line":11,"column":37},"end":{"line":11,"column":null}}],"line":11},"4":{"loc":{"start":{"line":12,"column":15},"end":{"line":12,"column":null}},"type":"binary-expr","locations":[{"start":{"line":12,"column":15},"end":{"line":12,"column":44}},{"start":{"line":12,"column":44},"end":{"line":12,"column":null}}],"line":12},"5":{"loc":{"start":{"line":14,"column":13},"end":{"line":14,"column":null}},"type":"binary-expr","locations":[{"start":{"line":14,"column":13},"end":{"line":14,"column":39}},{"start":{"line":14,"column":39},"end":{"line":14,"column":null}}],"line":14},"6":{"loc":{"start":{"line":16,"column":16},"end":{"line":16,"column":null}},"type":"binary-expr","locations":[{"start":{"line":16,"column":16},"end":{"line":16,"column":46}},{"start":{"line":16,"column":46},"end":{"line":16,"column":null}}],"line":16},"7":{"loc":{"start":{"line":17,"column":13},"end":{"line":17,"column":null}},"type":"binary-expr","locations":[{"start":{"line":17,"column":13},"end":{"line":17,"column":39}},{"start":{"line":17,"column":39},"end":{"line":17,"column":null}}],"line":17}},"s":{"0":1,"1":1},"f":{},"b":{"0":[1,0],"1":[1,0],"2":[1,0],"3":[1,0],"4":[1,1],"5":[1,0],"6":[1,0],"7":[1,0]},"meta":{"lastBranch":8,"lastFunction":0,"lastStatement":2,"seen":{"s:4:0:4:Infinity":0,"s:6:22:18:Infinity":1,"b:7:17:7:37:7:37:7:45":0,"b:8:2:8:35:8:35:8:Infinity":1,"b:9:13:9:39:9:39:9:Infinity":2,"b:11:9:11:37:11:37:11:Infinity":3,"b:12:15:12:44:12:44:12:Infinity":4,"b:14:13:14:39:14:39:14:Infinity":5,"b:16:16:16:46:16:46:16:Infinity":6,"b:17:13:17:39:17:39:17:Infinity":7},"fnNames":{}}}
,"/home/fauzi/Documents/codes/campus/BreadGo/app/services/src/controllers/authController.ts": {"path":"/home/fauzi/Documents/codes/campus/BreadGo/app/services/src/controllers/authController.ts","statementMap":{"0":{"start":{"line":15,"column":6},"end":{"line":19,"column":null}},"1":{"start":{"line":16,"column":2},"end":{"line":18,"column":null}},"2":{"start":{"line":21,"column":24},"end":{"line":67,"column":null}},"3":{"start":{"line":22,"column":2},"end":{"line":66,"column":null}},"4":{"start":{"line":23,"column":38},"end":{"line":23,"column":null}},"5":{"start":{"line":25,"column":4},"end":{"line":28,"column":null}},"6":{"start":{"line":26,"column":6},"end":{"line":26,"column":null}},"7":{"start":{"line":27,"column":6},"end":{"line":27,"column":null}},"8":{"start":{"line":30,"column":23},"end":{"line":30,"column":null}},"9":{"start":{"line":31,"column":4},"end":{"line":34,"column":null}},"10":{"start":{"line":32,"column":6},"end":{"line":32,"column":null}},"11":{"start":{"line":33,"column":6},"end":{"line":33,"column":null}},"12":{"start":{"line":36,"column":17},"end":{"line":36,"column":null}},"13":{"start":{"line":37,"column":27},"end":{"line":37,"column":null}},"14":{"start":{"line":39,"column":17},"end":{"line":39,"column":42}},"15":{"start":{"line":40,"column":23},"end":{"line":40,"column":null}},"16":{"start":{"line":42,"column":4},"end":{"line":51,"column":null}},"17":{"start":{"line":54,"column":4},"end":{"line":56,"column":null}},"18":{"start":{"line":55,"column":6},"end":{"line":55,"column":null}},"19":{"start":{"line":58,"column":4},"end":{"line":62,"column":null}},"20":{"start":{"line":64,"column":4},"end":{"line":64,"column":null}},"21":{"start":{"line":65,"column":4},"end":{"line":65,"column":null}},"22":{"start":{"line":69,"column":27},"end":{"line":133,"column":null}},"23":{"start":{"line":70,"column":2},"end":{"line":132,"column":null}},"24":{"start":{"line":71,"column":28},"end":{"line":71,"column":null}},"25":{"start":{"line":73,"column":4},"end":{"line":76,"column":null}},"26":{"start":{"line":74,"column":6},"end":{"line":74,"column":null}},"27":{"start":{"line":75,"column":6},"end":{"line":75,"column":null}},"28":{"start":{"line":78,"column":17},"end":{"line":78,"column":null}},"29":{"start":{"line":79,"column":4},"end":{"line":82,"column":null}},"30":{"start":{"line":80,"column":6},"end":{"line":80,"column":null}},"31":{"start":{"line":81,"column":6},"end":{"line":81,"column":null}},"32":{"start":{"line":84,"column":4},"end":{"line":87,"column":null}},"33":{"start":{"line":85,"column":6},"end":{"line":85,"column":null}},"34":{"start":{"line":86,"column":6},"end":{"line":86,"column":null}},"35":{"start":{"line":89,"column":4},"end":{"line":92,"column":null}},"36":{"start":{"line":90,"column":6},"end":{"line":90,"column":null}},"37":{"start":{"line":91,"column":6},"end":{"line":91,"column":null}},"38":{"start":{"line":94,"column":4},"end":{"line":97,"column":null}},"39":{"start":{"line":95,"column":6},"end":{"line":95,"column":null}},"40":{"start":{"line":96,"column":6},"end":{"line":96,"column":null}},"41":{"start":{"line":99,"column":20},"end":{"line":99,"column":null}},"42":{"start":{"line":100,"column":4},"end":{"line":103,"column":null}},"43":{"start":{"line":101,"column":6},"end":{"line":101,"column":null}},"44":{"start":{"line":102,"column":6},"end":{"line":102,"column":null}},"45":{"start":{"line":105,"column":4},"end":{"line":112,"column":null}},"46":{"start":{"line":114,"column":18},"end":{"line":114,"column":null}},"47":{"start":{"line":116,"column":4},"end":{"line":128,"column":null}},"48":{"start":{"line":130,"column":4},"end":{"line":130,"column":null}},"49":{"start":{"line":131,"column":4},"end":{"line":131,"column":null}},"50":{"start":{"line":135,"column":21},"end":{"line":182,"column":null}},"51":{"start":{"line":136,"column":2},"end":{"line":181,"column":null}},"52":{"start":{"line":137,"column":32},"end":{"line":137,"column":null}},"53":{"start":{"line":139,"column":4},"end":{"line":142,"column":null}},"54":{"start":{"line":140,"column":6},"end":{"line":140,"column":null}},"55":{"start":{"line":141,"column":6},"end":{"line":141,"column":null}},"56":{"start":{"line":144,"column":17},"end":{"line":144,"column":null}},"57":{"start":{"line":145,"column":4},"end":{"line":148,"column":null}},"58":{"start":{"line":146,"column":6},"end":{"line":146,"column":null}},"59":{"start":{"line":147,"column":6},"end":{"line":147,"column":null}},"60":{"start":{"line":150,"column":20},"end":{"line":150,"column":null}},"61":{"start":{"line":151,"column":4},"end":{"line":154,"column":null}},"62":{"start":{"line":152,"column":6},"end":{"line":152,"column":null}},"63":{"start":{"line":153,"column":6},"end":{"line":153,"column":null}},"64":{"start":{"line":156,"column":4},"end":{"line":164,"column":null}},"65":{"start":{"line":157,"column":6},"end":{"line":162,"column":null}},"66":{"start":{"line":163,"column":6},"end":{"line":163,"column":null}},"67":{"start":{"line":166,"column":18},"end":{"line":166,"column":null}},"68":{"start":{"line":168,"column":4},"end":{"line":177,"column":null}},"69":{"start":{"line":179,"column":4},"end":{"line":179,"column":null}},"70":{"start":{"line":180,"column":4},"end":{"line":180,"column":null}},"71":{"start":{"line":184,"column":26},"end":{"line":240,"column":null}},"72":{"start":{"line":185,"column":2},"end":{"line":239,"column":null}},"73":{"start":{"line":186,"column":22},"end":{"line":186,"column":null}},"74":{"start":{"line":188,"column":4},"end":{"line":191,"column":null}},"75":{"start":{"line":189,"column":6},"end":{"line":189,"column":null}},"76":{"start":{"line":190,"column":6},"end":{"line":190,"column":null}},"77":{"start":{"line":193,"column":17},"end":{"line":193,"column":null}},"78":{"start":{"line":194,"column":4},"end":{"line":197,"column":null}},"79":{"start":{"line":195,"column":6},"end":{"line":195,"column":null}},"80":{"start":{"line":196,"column":6},"end":{"line":196,"column":null}},"81":{"start":{"line":199,"column":4},"end":{"line":202,"column":null}},"82":{"start":{"line":200,"column":6},"end":{"line":200,"column":null}},"83":{"start":{"line":201,"column":6},"end":{"line":201,"column":null}},"84":{"start":{"line":205,"column":4},"end":{"line":215,"column":null}},"85":{"start":{"line":206,"column":12},"end":{"line":206,"column":null}},"86":{"start":{"line":207,"column":6},"end":{"line":214,"column":null}},"87":{"start":{"line":208,"column":26},"end":{"line":208,"column":null}},"88":{"start":{"line":209,"column":8},"end":{"line":212,"column":null}},"89":{"start":{"line":213,"column":8},"end":{"line":213,"column":null}},"90":{"start":{"line":217,"column":17},"end":{"line":217,"column":42}},"91":{"start":{"line":218,"column":23},"end":{"line":218,"column":null}},"92":{"start":{"line":220,"column":4},"end":{"line":226,"column":null}},"93":{"start":{"line":228,"column":4},"end":{"line":230,"column":null}},"94":{"start":{"line":229,"column":6},"end":{"line":229,"column":null}},"95":{"start":{"line":232,"column":4},"end":{"line":235,"column":null}},"96":{"start":{"line":237,"column":4},"end":{"line":237,"column":null}},"97":{"start":{"line":238,"column":4},"end":{"line":238,"column":null}},"98":{"start":{"line":242,"column":21},"end":{"line":275,"column":null}},"99":{"start":{"line":243,"column":2},"end":{"line":274,"column":null}},"100":{"start":{"line":244,"column":19},"end":{"line":244,"column":null}},"101":{"start":{"line":245,"column":4},"end":{"line":248,"column":null}},"102":{"start":{"line":246,"column":6},"end":{"line":246,"column":null}},"103":{"start":{"line":247,"column":6},"end":{"line":247,"column":null}},"104":{"start":{"line":250,"column":17},"end":{"line":260,"column":null}},"105":{"start":{"line":262,"column":4},"end":{"line":265,"column":null}},"106":{"start":{"line":263,"column":6},"end":{"line":263,"column":null}},"107":{"start":{"line":264,"column":6},"end":{"line":264,"column":null}},"108":{"start":{"line":267,"column":4},"end":{"line":270,"column":null}},"109":{"start":{"line":272,"column":4},"end":{"line":272,"column":null}},"110":{"start":{"line":273,"column":4},"end":{"line":273,"column":null}}},"fnMap":{"0":{"name":"(anonymous_0)","decl":{"start":{"line":15,"column":6},"end":{"line":15,"column":23}},"loc":{"start":{"line":15,"column":71},"end":{"line":19,"column":null}},"line":15},"1":{"name":"(anonymous_1)","decl":{"start":{"line":21,"column":24},"end":{"line":21,"column":31}},"loc":{"start":{"line":21,"column":78},"end":{"line":67,"column":null}},"line":21},"2":{"name":"(anonymous_2)","decl":{"start":{"line":54,"column":27},"end":{"line":54,"column":34}},"loc":{"start":{"line":54,"column":42},"end":{"line":56,"column":5}},"line":54},"3":{"name":"(anonymous_3)","decl":{"start":{"line":69,"column":27},"end":{"line":69,"column":34}},"loc":{"start":{"line":69,"column":81},"end":{"line":133,"column":null}},"line":69},"4":{"name":"(anonymous_4)","decl":{"start":{"line":135,"column":21},"end":{"line":135,"column":28}},"loc":{"start":{"line":135,"column":75},"end":{"line":182,"column":null}},"line":135},"5":{"name":"(anonymous_5)","decl":{"start":{"line":184,"column":26},"end":{"line":184,"column":33}},"loc":{"start":{"line":184,"column":80},"end":{"line":240,"column":null}},"line":184},"6":{"name":"(anonymous_6)","decl":{"start":{"line":228,"column":27},"end":{"line":228,"column":34}},"loc":{"start":{"line":228,"column":42},"end":{"line":230,"column":5}},"line":228},"7":{"name":"(anonymous_7)","decl":{"start":{"line":242,"column":21},"end":{"line":242,"column":28}},"loc":{"start":{"line":242,"column":79},"end":{"line":275,"column":null}},"line":242}},"branchMap":{"0":{"loc":{"start":{"line":25,"column":4},"end":{"line":28,"column":null}},"type":"if","locations":[{"start":{"line":25,"column":4},"end":{"line":28,"column":null}},{"start":{},"end":{}}],"line":25},"1":{"loc":{"start":{"line":25,"column":8},"end":{"line":25,"column":38}},"type":"binary-expr","locations":[{"start":{"line":25,"column":8},"end":{"line":25,"column":17}},{"start":{"line":25,"column":17},"end":{"line":25,"column":27}},{"start":{"line":25,"column":27},"end":{"line":25,"column":38}}],"line":25},"2":{"loc":{"start":{"line":31,"column":4},"end":{"line":34,"column":null}},"type":"if","locations":[{"start":{"line":31,"column":4},"end":{"line":34,"column":null}},{"start":{},"end":{}}],"line":31},"3":{"loc":{"start":{"line":73,"column":4},"end":{"line":76,"column":null}},"type":"if","locations":[{"start":{"line":73,"column":4},"end":{"line":76,"column":null}},{"start":{},"end":{}}],"line":73},"4":{"loc":{"start":{"line":73,"column":8},"end":{"line":73,"column":25}},"type":"binary-expr","locations":[{"start":{"line":73,"column":8},"end":{"line":73,"column":18}},{"start":{"line":73,"column":18},"end":{"line":73,"column":25}}],"line":73},"5":{"loc":{"start":{"line":79,"column":4},"end":{"line":82,"column":null}},"type":"if","locations":[{"start":{"line":79,"column":4},"end":{"line":82,"column":null}},{"start":{},"end":{}}],"line":79},"6":{"loc":{"start":{"line":84,"column":4},"end":{"line":87,"column":null}},"type":"if","locations":[{"start":{"line":84,"column":4},"end":{"line":87,"column":null}},{"start":{},"end":{}}],"line":84},"7":{"loc":{"start":{"line":89,"column":4},"end":{"line":92,"column":null}},"type":"if","locations":[{"start":{"line":89,"column":4},"end":{"line":92,"column":null}},{"start":{},"end":{}}],"line":89},"8":{"loc":{"start":{"line":89,"column":8},"end":{"line":89,"column":67}},"type":"binary-expr","locations":[{"start":{"line":89,"column":8},"end":{"line":89,"column":34}},{"start":{"line":89,"column":34},"end":{"line":89,"column":67}}],"line":89},"9":{"loc":{"start":{"line":94,"column":4},"end":{"line":97,"column":null}},"type":"if","locations":[{"start":{"line":94,"column":4},"end":{"line":97,"column":null}},{"start":{},"end":{}}],"line":94},"10":{"loc":{"start":{"line":100,"column":4},"end":{"line":103,"column":null}},"type":"if","locations":[{"start":{"line":100,"column":4},"end":{"line":103,"column":null}},{"start":{},"end":{}}],"line":100},"11":{"loc":{"start":{"line":139,"column":4},"end":{"line":142,"column":null}},"type":"if","locations":[{"start":{"line":139,"column":4},"end":{"line":142,"column":null}},{"start":{},"end":{}}],"line":139},"12":{"loc":{"start":{"line":139,"column":8},"end":{"line":139,"column":29}},"type":"binary-expr","locations":[{"start":{"line":139,"column":8},"end":{"line":139,"column":18}},{"start":{"line":139,"column":18},"end":{"line":139,"column":29}}],"line":139},"13":{"loc":{"start":{"line":145,"column":4},"end":{"line":148,"column":null}},"type":"if","locations":[{"start":{"line":145,"column":4},"end":{"line":148,"column":null}},{"start":{},"end":{}}],"line":145},"14":{"loc":{"start":{"line":151,"column":4},"end":{"line":154,"column":null}},"type":"if","locations":[{"start":{"line":151,"column":4},"end":{"line":154,"column":null}},{"start":{},"end":{}}],"line":151},"15":{"loc":{"start":{"line":156,"column":4},"end":{"line":164,"column":null}},"type":"if","locations":[{"start":{"line":156,"column":4},"end":{"line":164,"column":null}},{"start":{},"end":{}}],"line":156},"16":{"loc":{"start":{"line":188,"column":4},"end":{"line":191,"column":null}},"type":"if","locations":[{"start":{"line":188,"column":4},"end":{"line":191,"column":null}},{"start":{},"end":{}}],"line":188},"17":{"loc":{"start":{"line":194,"column":4},"end":{"line":197,"column":null}},"type":"if","locations":[{"start":{"line":194,"column":4},"end":{"line":197,"column":null}},{"start":{},"end":{}}],"line":194},"18":{"loc":{"start":{"line":199,"column":4},"end":{"line":202,"column":null}},"type":"if","locations":[{"start":{"line":199,"column":4},"end":{"line":202,"column":null}},{"start":{},"end":{}}],"line":199},"19":{"loc":{"start":{"line":205,"column":4},"end":{"line":215,"column":null}},"type":"if","locations":[{"start":{"line":205,"column":4},"end":{"line":215,"column":null}},{"start":{},"end":{}}],"line":205},"20":{"loc":{"start":{"line":207,"column":6},"end":{"line":214,"column":null}},"type":"if","locations":[{"start":{"line":207,"column":6},"end":{"line":214,"column":null}},{"start":{},"end":{}}],"line":207},"21":{"loc":{"start":{"line":245,"column":4},"end":{"line":248,"column":null}},"type":"if","locations":[{"start":{"line":245,"column":4},"end":{"line":248,"column":null}},{"start":{},"end":{}}],"line":245},"22":{"loc":{"start":{"line":262,"column":4},"end":{"line":265,"column":null}},"type":"if","locations":[{"start":{"line":262,"column":4},"end":{"line":265,"column":null}},{"start":{},"end":{}}],"line":262}},"s":{"0":1,"1":2,"2":1,"3":4,"4":4,"5":4,"6":1,"7":1,"8":3,"9":2,"10":1,"11":1,"12":1,"13":1,"14":1,"15":1,"16":1,"17":1,"18":0,"19":1,"20":1,"21":1,"22":1,"23":6,"24":6,"25":6,"26":0,"27":0,"28":6,"29":5,"30":0,"31":0,"32":5,"33":1,"34":1,"35":4,"36":1,"37":1,"38":3,"39":1,"40":1,"41":2,"42":2,"43":1,"44":1,"45":1,"46":1,"47":1,"48":1,"49":1,"50":1,"51":5,"52":5,"53":5,"54":0,"55":0,"56":5,"57":4,"58":1,"59":1,"60":3,"61":3,"62":1,"63":1,"64":2,"65":1,"66":1,"67":1,"68":1,"69":1,"70":1,"71":1,"72":6,"73":6,"74":6,"75":1,"76":1,"77":5,"78":4,"79":1,"80":1,"81":3,"82":1,"83":1,"84":2,"85":2,"86":2,"87":1,"88":1,"89":1,"90":1,"91":1,"92":1,"93":1,"94":0,"95":1,"96":1,"97":1,"98":1,"99":4,"100":4,"101":4,"102":1,"103":1,"104":3,"105":2,"106":1,"107":1,"108":1,"109":1,"110":1},"f":{"0":2,"1":4,"2":0,"3":6,"4":5,"5":6,"6":0,"7":4},"b":{"0":[1,3],"1":[4,3,3],"2":[1,1],"3":[0,6],"4":[6,6],"5":[0,5],"6":[1,4],"7":[1,3],"8":[4,3],"9":[1,2],"10":[1,1],"11":[0,5],"12":[5,5],"13":[1,3],"14":[1,2],"15":[1,1],"16":[1,5],"17":[1,3],"18":[1,2],"19":[2,0],"20":[1,1],"21":[1,3],"22":[1,1]},"meta":{"lastBranch":23,"lastFunction":8,"lastStatement":111,"seen":{"s:15:6:19:Infinity":0,"f:15:6:15:23":0,"s:16:2:18:Infinity":1,"s:21:24:67:Infinity":2,"f:21:24:21:31":1,"s:22:2:66:Infinity":3,"s:23:38:23:Infinity":4,"b:25:4:28:Infinity:undefined:undefined:undefined:undefined":0,"s:25:4:28:Infinity":5,"b:25:8:25:17:25:17:25:27:25:27:25:38":1,"s:26:6:26:Infinity":6,"s:27:6:27:Infinity":7,"s:30:23:30:Infinity":8,"b:31:4:34:Infinity:undefined:undefined:undefined:undefined":2,"s:31:4:34:Infinity":9,"s:32:6:32:Infinity":10,"s:33:6:33:Infinity":11,"s:36:17:36:Infinity":12,"s:37:27:37:Infinity":13,"s:39:17:39:42":14,"s:40:23:40:Infinity":15,"s:42:4:51:Infinity":16,"s:54:4:56:Infinity":17,"f:54:27:54:34":2,"s:55:6:55:Infinity":18,"s:58:4:62:Infinity":19,"s:64:4:64:Infinity":20,"s:65:4:65:Infinity":21,"s:69:27:133:Infinity":22,"f:69:27:69:34":3,"s:70:2:132:Infinity":23,"s:71:28:71:Infinity":24,"b:73:4:76:Infinity:undefined:undefined:undefined:undefined":3,"s:73:4:76:Infinity":25,"b:73:8:73:18:73:18:73:25":4,"s:74:6:74:Infinity":26,"s:75:6:75:Infinity":27,"s:78:17:78:Infinity":28,"b:79:4:82:Infinity:undefined:undefined:undefined:undefined":5,"s:79:4:82:Infinity":29,"s:80:6:80:Infinity":30,"s:81:6:81:Infinity":31,"b:84:4:87:Infinity:undefined:undefined:undefined:undefined":6,"s:84:4:87:Infinity":32,"s:85:6:85:Infinity":33,"s:86:6:86:Infinity":34,"b:89:4:92:Infinity:undefined:undefined:undefined:undefined":7,"s:89:4:92:Infinity":35,"b:89:8:89:34:89:34:89:67":8,"s:90:6:90:Infinity":36,"s:91:6:91:Infinity":37,"b:94:4:97:Infinity:undefined:undefined:undefined:undefined":9,"s:94:4:97:Infinity":38,"s:95:6:95:Infinity":39,"s:96:6:96:Infinity":40,"s:99:20:99:Infinity":41,"b:100:4:103:Infinity:undefined:undefined:undefined:undefined":10,"s:100:4:103:Infinity":42,"s:101:6:101:Infinity":43,"s:102:6:102:Infinity":44,"s:105:4:112:Infinity":45,"s:114:18:114:Infinity":46,"s:116:4:128:Infinity":47,"s:130:4:130:Infinity":48,"s:131:4:131:Infinity":49,"s:135:21:182:Infinity":50,"f:135:21:135:28":4,"s:136:2:181:Infinity":51,"s:137:32:137:Infinity":52,"b:139:4:142:Infinity:undefined:undefined:undefined:undefined":11,"s:139:4:142:Infinity":53,"b:139:8:139:18:139:18:139:29":12,"s:140:6:140:Infinity":54,"s:141:6:141:Infinity":55,"s:144:17:144:Infinity":56,"b:145:4:148:Infinity:undefined:undefined:undefined:undefined":13,"s:145:4:148:Infinity":57,"s:146:6:146:Infinity":58,"s:147:6:147:Infinity":59,"s:150:20:150:Infinity":60,"b:151:4:154:Infinity:undefined:undefined:undefined:undefined":14,"s:151:4:154:Infinity":61,"s:152:6:152:Infinity":62,"s:153:6:153:Infinity":63,"b:156:4:164:Infinity:undefined:undefined:undefined:undefined":15,"s:156:4:164:Infinity":64,"s:157:6:162:Infinity":65,"s:163:6:163:Infinity":66,"s:166:18:166:Infinity":67,"s:168:4:177:Infinity":68,"s:179:4:179:Infinity":69,"s:180:4:180:Infinity":70,"s:184:26:240:Infinity":71,"f:184:26:184:33":5,"s:185:2:239:Infinity":72,"s:186:22:186:Infinity":73,"b:188:4:191:Infinity:undefined:undefined:undefined:undefined":16,"s:188:4:191:Infinity":74,"s:189:6:189:Infinity":75,"s:190:6:190:Infinity":76,"s:193:17:193:Infinity":77,"b:194:4:197:Infinity:undefined:undefined:undefined:undefined":17,"s:194:4:197:Infinity":78,"s:195:6:195:Infinity":79,"s:196:6:196:Infinity":80,"b:199:4:202:Infinity:undefined:undefined:undefined:undefined":18,"s:199:4:202:Infinity":81,"s:200:6:200:Infinity":82,"s:201:6:201:Infinity":83,"b:205:4:215:Infinity:undefined:undefined:undefined:undefined":19,"s:205:4:215:Infinity":84,"s:206:12:206:Infinity":85,"b:207:6:214:Infinity:undefined:undefined:undefined:undefined":20,"s:207:6:214:Infinity":86,"s:208:26:208:Infinity":87,"s:209:8:212:Infinity":88,"s:213:8:213:Infinity":89,"s:217:17:217:42":90,"s:218:23:218:Infinity":91,"s:220:4:226:Infinity":92,"s:228:4:230:Infinity":93,"f:228:27:228:34":6,"s:229:6:229:Infinity":94,"s:232:4:235:Infinity":95,"s:237:4:237:Infinity":96,"s:238:4:238:Infinity":97,"s:242:21:275:Infinity":98,"f:242:21:242:28":7,"s:243:2:274:Infinity":99,"s:244:19:244:Infinity":100,"b:245:4:248:Infinity:undefined:undefined:undefined:undefined":21,"s:245:4:248:Infinity":101,"s:246:6:246:Infinity":102,"s:247:6:247:Infinity":103,"s:250:17:260:Infinity":104,"b:262:4:265:Infinity:undefined:undefined:undefined:undefined":22,"s:262:4:265:Infinity":105,"s:263:6:263:Infinity":106,"s:264:6:264:Infinity":107,"s:267:4:270:Infinity":108,"s:272:4:272:Infinity":109,"s:273:4:273:Infinity":110},"fnNames":{}}}
,"/home/fauzi/Documents/codes/campus/BreadGo/app/services/src/services/verificationService.ts": {"path":"/home/fauzi/Documents/codes/campus/BreadGo/app/services/src/services/verificationService.ts","statementMap":{"0":{"start":{"line":3,"column":28},"end":{"line":3,"column":null}},"1":{"start":{"line":5,"column":13},"end":{"line":7,"column":null}},"2":{"start":{"line":6,"column":2},"end":{"line":6,"column":null}},"3":{"start":{"line":9,"column":36},"end":{"line":11,"column":null}},"4":{"start":{"line":10,"column":2},"end":{"line":10,"column":null}},"5":{"start":{"line":13,"column":39},"end":{"line":18,"column":null}},"6":{"start":{"line":17,"column":2},"end":{"line":17,"column":null}},"7":{"start":{"line":20,"column":13},"end":{"line":22,"column":null}},"8":{"start":{"line":21,"column":2},"end":{"line":21,"column":null}},"9":{"start":{"line":24,"column":13},"end":{"line":26,"column":null}},"10":{"start":{"line":25,"column":2},"end":{"line":25,"column":null}}},"fnMap":{"0":{"name":"(anonymous_0)","decl":{"start":{"line":5,"column":13},"end":{"line":5,"column":54}},"loc":{"start":{"line":5,"column":54},"end":{"line":7,"column":null}},"line":5},"1":{"name":"(anonymous_1)","decl":{"start":{"line":9,"column":36},"end":{"line":9,"column":43}},"loc":{"start":{"line":9,"column":77},"end":{"line":11,"column":null}},"line":9},"2":{"name":"(anonymous_2)","decl":{"start":{"line":13,"column":39},"end":{"line":13,"column":null}},"loc":{"start":{"line":16,"column":23},"end":{"line":18,"column":null}},"line":16},"3":{"name":"(anonymous_3)","decl":{"start":{"line":20,"column":13},"end":{"line":20,"column":30}},"loc":{"start":{"line":20,"column":56},"end":{"line":22,"column":null}},"line":20},"4":{"name":"(anonymous_4)","decl":{"start":{"line":24,"column":13},"end":{"line":24,"column":30}},"loc":{"start":{"line":24,"column":59},"end":{"line":26,"column":null}},"line":24}},"branchMap":{},"s":{"0":1,"1":1,"2":2,"3":1,"4":2,"5":1,"6":2,"7":1,"8":3,"9":1,"10":3},"f":{"0":2,"1":2,"2":2,"3":3,"4":3},"b":{},"meta":{"lastBranch":0,"lastFunction":5,"lastStatement":11,"seen":{"s:3:28:3:Infinity":0,"s:5:13:7:Infinity":1,"f:5:13:5:54":0,"s:6:2:6:Infinity":2,"s:9:36:11:Infinity":3,"f:9:36:9:43":1,"s:10:2:10:Infinity":4,"s:13:39:18:Infinity":5,"f:13:39:13:Infinity":2,"s:17:2:17:Infinity":6,"s:20:13:22:Infinity":7,"f:20:13:20:30":3,"s:21:2:21:Infinity":8,"s:24:13:26:Infinity":9,"f:24:13:24:30":4,"s:25:2:25:Infinity":10},"fnNames":{}}}
}
